# JRE version: OpenJDK Runtime Environment (8.0_152-b01) (build 1.8.0_152-release-1248-b01)
# Java VM: OpenJDK 64-Bit Server VM (25.152-b01 mixed mode windows-amd64 compressed oops)
Heap:
 PSYoungGen      total 144384K, used 14788K [0x00000000e0000000, 0x00000000ea780000, 0x0000000100000000)
  eden space 126976K, 11% used [0x00000000e0000000,0x00000000e0e71120,0x00000000e7c00000)
  from space 17408K, 0% used [0x00000000e7c00000,0x00000000e7c00000,0x00000000e8d00000)
  to   space 16896K, 0% used [0x00000000e8d00000,0x00000000e8d00000,0x00000000e9d80000)
 ParOldGen       total 98304K, used 36023K [0x00000000a0000000, 0x00000000a6000000, 0x00000000e0000000)
  object space 98304K, 36% used [0x00000000a0000000,0x00000000a232de80,0x00000000a6000000)
 Metaspace       used 58727K, capacity 60314K, committed 60672K, reserved 1101824K
  class space    used 7833K, capacity 8323K, committed 8448K, reserved 1048576K
GC Heap History (10 events):
Event: 10.503 GC heap before
{Heap before GC invocations=12 (full 2):
 PSYoungGen      total 89600K, used 78336K [0x00000000e0000000, 0x00000000e8100000, 0x0000000100000000)
  eden space 78336K, 100% used [0x00000000e0000000,0x00000000e4c80000,0x00000000e4c80000)
  from space 11264K, 0% used [0x00000000e4c80000,0x00000000e4c80000,0x00000000e5780000)
  to   space 12800K, 0% used [0x00000000e7480000,0x00000000e7480000,0x00000000e8100000)
 ParOldGen       total 98304K, used 18997K [0x00000000a0000000, 0x00000000a6000000, 0x00000000e0000000)
  object space 98304K, 19% used [0x00000000a0000000,0x00000000a128d570,0x00000000a6000000)
 Metaspace       used 44641K, capacity 45650K, committed 45824K, reserved 1089536K
  class space    used 5991K, capacity 6302K, committed 6400K, reserved 1048576K
Event: 10.521 GC heap after
Heap after GC invocations=12 (full 2):
 PSYoungGen      total 112640K, used 12125K [0x00000000e0000000, 0x00000000e8080000, 0x0000000100000000)
  eden space 100352K, 0% used [0x00000000e0000000,0x00000000e0000000,0x00000000e6200000)
  from space 12288K, 98% used [0x00000000e7480000,0x00000000e80576a8,0x00000000e8080000)
  to   space 13824K, 0% used [0x00000000e6580000,0x00000000e6580000,0x00000000e7300000)
 ParOldGen       total 98304K, used 19005K [0x00000000a0000000, 0x00000000a6000000, 0x00000000e0000000)
  object space 98304K, 19% used [0x00000000a0000000,0x00000000a128f570,0x00000000a6000000)
 Metaspace       used 44641K, capacity 45650K, committed 45824K, reserved 1089536K
  class space    used 5991K, capacity 6302K, committed 6400K, reserved 1048576K
}
Event: 12.723 GC heap before
{Heap before GC invocations=13 (full 2):
 PSYoungGen      total 112640K, used 112477K [0x00000000e0000000, 0x00000000e8080000, 0x0000000100000000)
  eden space 100352K, 100% used [0x00000000e0000000,0x00000000e6200000,0x00000000e6200000)
  from space 12288K, 98% used [0x00000000e7480000,0x00000000e80576a8,0x00000000e8080000)
  to   space 13824K, 0% used [0x00000000e6580000,0x00000000e6580000,0x00000000e7300000)
 ParOldGen       total 98304K, used 19005K [0x00000000a0000000, 0x00000000a6000000, 0x00000000e0000000)
  object space 98304K, 19% used [0x00000000a0000000,0x00000000a128f570,0x00000000a6000000)
 Metaspace       used 52737K, capacity 53952K, committed 54016K, reserved 1095680K
  class space    used 7011K, capacity 7392K, committed 7424K, reserved 1048576K
Event: 12.747 GC heap after
Heap after GC invocations=13 (full 2):
 PSYoungGen      total 117760K, used 13805K [0x00000000e0000000, 0x00000000e9d80000, 0x0000000100000000)
  eden space 103936K, 0% used [0x00000000e0000000,0x00000000e0000000,0x00000000e6580000)
  from space 13824K, 99% used [0x00000000e6580000,0x00000000e72fb4e8,0x00000000e7300000)
  to   space 16896K, 0% used [0x00000000e8d00000,0x00000000e8d00000,0x00000000e9d80000)
 ParOldGen       total 98304K, used 22083K [0x00000000a0000000, 0x00000000a6000000, 0x00000000e0000000)
  object space 98304K, 22% used [0x00000000a0000000,0x00000000a1590e20,0x00000000a6000000)
 Metaspace       used 52737K, capacity 53952K, committed 54016K, reserved 1095680K
  class space    used 7011K, capacity 7392K, committed 7424K, reserved 1048576K
}
Event: 13.399 GC heap before
{Heap before GC invocations=14 (full 2):
 PSYoungGen      total 117760K, used 117741K [0x00000000e0000000, 0x00000000e9d80000, 0x0000000100000000)
  eden space 103936K, 100% used [0x00000000e0000000,0x00000000e6580000,0x00000000e6580000)
  from space 13824K, 99% used [0x00000000e6580000,0x00000000e72fb4e8,0x00000000e7300000)
  to   space 16896K, 0% used [0x00000000e8d00000,0x00000000e8d00000,0x00000000e9d80000)
 ParOldGen       total 98304K, used 22083K [0x00000000a0000000, 0x00000000a6000000, 0x00000000e0000000)
  object space 98304K, 22% used [0x00000000a0000000,0x00000000a1590e20,0x00000000a6000000)
 Metaspace       used 53222K, capacity 54438K, committed 54528K, reserved 1095680K
  class space    used 7033K, capacity 7409K, committed 7424K, reserved 1048576K
Event: 13.425 GC heap after
Heap after GC invocations=14 (full 2):
 PSYoungGen      total 143872K, used 12207K [0x00000000e0000000, 0x00000000ea780000, 0x0000000100000000)
  eden space 126976K, 0% used [0x00000000e0000000,0x00000000e0000000,0x00000000e7c00000)
  from space 16896K, 72% used [0x00000000e8d00000,0x00000000e98ebf08,0x00000000e9d80000)
  to   space 17408K, 0% used [0x00000000e7c00000,0x00000000e7c00000,0x00000000e8d00000)
 ParOldGen       total 98304K, used 27461K [0x00000000a0000000, 0x00000000a6000000, 0x00000000e0000000)
  object space 98304K, 27% used [0x00000000a0000000,0x00000000a1ad1578,0x00000000a6000000)
 Metaspace       used 53222K, capacity 54438K, committed 54528K, reserved 1095680K
  class space    used 7033K, capacity 7409K, committed 7424K, reserved 1048576K
}
Event: 14.405 GC heap before
{Heap before GC invocations=15 (full 2):
 PSYoungGen      total 143872K, used 93392K [0x00000000e0000000, 0x00000000ea780000, 0x0000000100000000)
  eden space 126976K, 63% used [0x00000000e0000000,0x00000000e4f48418,0x00000000e7c00000)
  from space 16896K, 72% used [0x00000000e8d00000,0x00000000e98ebf08,0x00000000e9d80000)
  to   space 17408K, 0% used [0x00000000e7c00000,0x00000000e7c00000,0x00000000e8d00000)
 ParOldGen       total 98304K, used 27461K [0x00000000a0000000, 0x00000000a6000000, 0x00000000e0000000)
  object space 98304K, 27% used [0x00000000a0000000,0x00000000a1ad1578,0x00000000a6000000)
 Metaspace       used 57519K, capacity 58992K, committed 59136K, reserved 1099776K
  class space    used 7628K, capacity 8074K, committed 8192K, reserved 1048576K
Event: 14.426 GC heap after
Heap after GC invocations=15 (full 2):
 PSYoungGen      total 144384K, used 8320K [0x00000000e0000000, 0x00000000ea780000, 0x0000000100000000)
  eden space 126976K, 0% used [0x00000000e0000000,0x00000000e0000000,0x00000000e7c00000)
  from space 17408K, 47% used [0x00000000e7c00000,0x00000000e84202a0,0x00000000e8d00000)
  to   space 16896K, 0% used [0x00000000e8d00000,0x00000000e8d00000,0x00000000e9d80000)
 ParOldGen       total 98304K, used 34599K [0x00000000a0000000, 0x00000000a6000000, 0x00000000e0000000)
  object space 98304K, 35% used [0x00000000a0000000,0x00000000a21c9eb0,0x00000000a6000000)
 Metaspace       used 57519K, capacity 58992K, committed 59136K, reserved 1099776K
  class space    used 7628K, capacity 8074K, committed 8192K, reserved 1048576K
}
Event: 14.426 GC heap before
{Heap before GC invocations=16 (full 3):
 PSYoungGen      total 144384K, used 8320K [0x00000000e0000000, 0x00000000ea780000, 0x0000000100000000)
  eden space 126976K, 0% used [0x00000000e0000000,0x00000000e0000000,0x00000000e7c00000)
  from space 17408K, 47% used [0x00000000e7c00000,0x00000000e84202a0,0x00000000e8d00000)
  to   space 16896K, 0% used [0x00000000e8d00000,0x00000000e8d00000,0x00000000e9d80000)
 ParOldGen       total 98304K, used 34599K [0x00000000a0000000, 0x00000000a6000000, 0x00000000e0000000)
  object space 98304K, 35% used [0x00000000a0000000,0x00000000a21c9eb0,0x00000000a6000000)
 Metaspace       used 57519K, capacity 58992K, committed 59136K, reserved 1099776K
  class space    used 7628K, capacity 8074K, committed 8192K, reserved 1048576K
Event: 14.700 GC heap after
Heap after GC invocations=16 (full 3):
 PSYoungGen      total 144384K, used 0K [0x00000000e0000000, 0x00000000ea780000, 0x0000000100000000)
  eden space 126976K, 0% used [0x00000000e0000000,0x00000000e0000000,0x00000000e7c00000)
  from space 17408K, 0% used [0x00000000e7c00000,0x00000000e7c00000,0x00000000e8d00000)
  to   space 16896K, 0% used [0x00000000e8d00000,0x00000000e8d00000,0x00000000e9d80000)
 ParOldGen       total 98304K, used 36023K [0x00000000a0000000, 0x00000000a6000000, 0x00000000e0000000)
  object space 98304K, 36% used [0x00000000a0000000,0x00000000a232de80,0x00000000a6000000)
 Metaspace       used 57496K, capacity 58904K, committed 59136K, reserved 1099776K
  class space    used 7621K, capacity 8066K, committed 8192K, reserved 1048576K
}

