# JRE version: OpenJDK Runtime Environment (8.0_152-b01) (build 1.8.0_152-release-1248-b01)
# Java VM: OpenJDK 64-Bit Server VM (25.152-b01 mixed mode windows-amd64 compressed oops)
Heap:
 PSYoungGen      total 138240K, used 13615K [0x00000000e0000000, 0x00000000ea000000, 0x0000000100000000)
  eden space 120320K, 3% used [0x00000000e0000000,0x00000000e03f0878,0x00000000e7580000)
  from space 17920K, 53% used [0x00000000e7580000,0x00000000e7edb6d8,0x00000000e8700000)
  to   space 15872K, 0% used [0x00000000e8700000,0x00000000e8700000,0x00000000e9680000)
 ParOldGen       total 96256K, used 39059K [0x00000000a0000000, 0x00000000a5e00000, 0x00000000e0000000)
  object space 96256K, 40% used [0x00000000a0000000,0x00000000a2624ed0,0x00000000a5e00000)
 Metaspace       used 69669K, capacity 71838K, committed 72192K, reserved 1112064K
  class space    used 9038K, capacity 9621K, committed 9728K, reserved 1048576K
GC Heap History (10 events):
Event: 11.096 GC heap before
{Heap before GC invocations=14 (full 2):
 PSYoungGen      total 112640K, used 112629K [0x00000000e0000000, 0x00000000e9680000, 0x0000000100000000)
  eden space 99328K, 100% used [0x00000000e0000000,0x00000000e6100000,0x00000000e6100000)
  from space 13312K, 99% used [0x00000000e6100000,0x00000000e6dfd518,0x00000000e6e00000)
  to   space 15872K, 0% used [0x00000000e8700000,0x00000000e8700000,0x00000000e9680000)
 ParOldGen       total 96256K, used 19234K [0x00000000a0000000, 0x00000000a5e00000, 0x00000000e0000000)
  object space 96256K, 19% used [0x00000000a0000000,0x00000000a12c8b80,0x00000000a5e00000)
 Metaspace       used 49136K, capacity 50150K, committed 50432K, reserved 1093632K
  class space    used 6532K, capacity 6846K, committed 6912K, reserved 1048576K
Event: 11.115 GC heap after
Heap after GC invocations=14 (full 2):
 PSYoungGen      total 136192K, used 15856K [0x00000000e0000000, 0x00000000ea000000, 0x0000000100000000)
  eden space 120320K, 0% used [0x00000000e0000000,0x00000000e0000000,0x00000000e7580000)
  from space 15872K, 99% used [0x00000000e8700000,0x00000000e967c228,0x00000000e9680000)
  to   space 17920K, 0% used [0x00000000e7580000,0x00000000e7580000,0x00000000e8700000)
 ParOldGen       total 96256K, used 19495K [0x00000000a0000000, 0x00000000a5e00000, 0x00000000e0000000)
  object space 96256K, 20% used [0x00000000a0000000,0x00000000a1309c20,0x00000000a5e00000)
 Metaspace       used 49136K, capacity 50150K, committed 50432K, reserved 1093632K
  class space    used 6532K, capacity 6846K, committed 6912K, reserved 1048576K
}
Event: 12.837 GC heap before
{Heap before GC invocations=15 (full 2):
 PSYoungGen      total 136192K, used 134180K [0x00000000e0000000, 0x00000000ea000000, 0x0000000100000000)
  eden space 120320K, 98% used [0x00000000e0000000,0x00000000e738ce18,0x00000000e7580000)
  from space 15872K, 99% used [0x00000000e8700000,0x00000000e967c228,0x00000000e9680000)
  to   space 17920K, 0% used [0x00000000e7580000,0x00000000e7580000,0x00000000e8700000)
 ParOldGen       total 96256K, used 19495K [0x00000000a0000000, 0x00000000a5e00000, 0x00000000e0000000)
  object space 96256K, 20% used [0x00000000a0000000,0x00000000a1309c20,0x00000000a5e00000)
 Metaspace       used 57524K, capacity 58984K, committed 59028K, reserved 1099776K
  class space    used 7765K, capacity 8161K, committed 8192K, reserved 1048576K
Event: 12.890 GC heap after
Heap after GC invocations=15 (full 2):
 PSYoungGen      total 138240K, used 14386K [0x00000000e0000000, 0x00000000ea000000, 0x0000000100000000)
  eden space 120320K, 0% used [0x00000000e0000000,0x00000000e0000000,0x00000000e7580000)
  from space 17920K, 80% used [0x00000000e7580000,0x00000000e838c890,0x00000000e8700000)
  to   space 15872K, 0% used [0x00000000e8700000,0x00000000e8700000,0x00000000e9680000)
 ParOldGen       total 96256K, used 31128K [0x00000000a0000000, 0x00000000a5e00000, 0x00000000e0000000)
  object space 96256K, 32% used [0x00000000a0000000,0x00000000a1e66128,0x00000000a5e00000)
 Metaspace       used 57524K, capacity 58984K, committed 59028K, reserved 1099776K
  class space    used 7765K, capacity 8161K, committed 8192K, reserved 1048576K
}
Event: 12.890 GC heap before
{Heap before GC invocations=16 (full 3):
 PSYoungGen      total 138240K, used 14386K [0x00000000e0000000, 0x00000000ea000000, 0x0000000100000000)
  eden space 120320K, 0% used [0x00000000e0000000,0x00000000e0000000,0x00000000e7580000)
  from space 17920K, 80% used [0x00000000e7580000,0x00000000e838c890,0x00000000e8700000)
  to   space 15872K, 0% used [0x00000000e8700000,0x00000000e8700000,0x00000000e9680000)
 ParOldGen       total 96256K, used 31128K [0x00000000a0000000, 0x00000000a5e00000, 0x00000000e0000000)
  object space 96256K, 32% used [0x00000000a0000000,0x00000000a1e66128,0x00000000a5e00000)
 Metaspace       used 57524K, capacity 58984K, committed 59028K, reserved 1099776K
  class space    used 7765K, capacity 8161K, committed 8192K, reserved 1048576K
Event: 13.180 GC heap after
Heap after GC invocations=16 (full 3):
 PSYoungGen      total 138240K, used 0K [0x00000000e0000000, 0x00000000ea000000, 0x0000000100000000)
  eden space 120320K, 0% used [0x00000000e0000000,0x00000000e0000000,0x00000000e7580000)
  from space 17920K, 0% used [0x00000000e7580000,0x00000000e7580000,0x00000000e8700000)
  to   space 15872K, 0% used [0x00000000e8700000,0x00000000e8700000,0x00000000e9680000)
 ParOldGen       total 96256K, used 39043K [0x00000000a0000000, 0x00000000a5e00000, 0x00000000e0000000)
  object space 96256K, 40% used [0x00000000a0000000,0x00000000a2620ed0,0x00000000a5e00000)
 Metaspace       used 57524K, capacity 58984K, committed 59028K, reserved 1099776K
  class space    used 7765K, capacity 8161K, committed 8192K, reserved 1048576K
}
Event: 32.372 GC heap before
{Heap before GC invocations=17 (full 3):
 PSYoungGen      total 138240K, used 120320K [0x00000000e0000000, 0x00000000ea000000, 0x0000000100000000)
  eden space 120320K, 100% used [0x00000000e0000000,0x00000000e7580000,0x00000000e7580000)
  from space 17920K, 0% used [0x00000000e7580000,0x00000000e7580000,0x00000000e8700000)
  to   space 15872K, 0% used [0x00000000e8700000,0x00000000e8700000,0x00000000e9680000)
 ParOldGen       total 96256K, used 39043K [0x00000000a0000000, 0x00000000a5e00000, 0x00000000e0000000)
  object space 96256K, 40% used [0x00000000a0000000,0x00000000a2620ed0,0x00000000a5e00000)
 Metaspace       used 66647K, capacity 68300K, committed 68480K, reserved 1107968K
  class space    used 8653K, capacity 9087K, committed 9088K, reserved 1048576K
Event: 32.389 GC heap after
Heap after GC invocations=17 (full 3):
 PSYoungGen      total 136192K, used 11876K [0x00000000e0000000, 0x00000000ea000000, 0x0000000100000000)
  eden space 120320K, 0% used [0x00000000e0000000,0x00000000e0000000,0x00000000e7580000)
  from space 15872K, 74% used [0x00000000e8700000,0x00000000e92992f0,0x00000000e9680000)
  to   space 17920K, 0% used [0x00000000e7580000,0x00000000e7580000,0x00000000e8700000)
 ParOldGen       total 96256K, used 39051K [0x00000000a0000000, 0x00000000a5e00000, 0x00000000e0000000)
  object space 96256K, 40% used [0x00000000a0000000,0x00000000a2622ed0,0x00000000a5e00000)
 Metaspace       used 66647K, capacity 68300K, committed 68480K, reserved 1107968K
  class space    used 8653K, capacity 9087K, committed 9088K, reserved 1048576K
}
Event: 45.230 GC heap before
{Heap before GC invocations=18 (full 3):
 PSYoungGen      total 136192K, used 132196K [0x00000000e0000000, 0x00000000ea000000, 0x0000000100000000)
  eden space 120320K, 100% used [0x00000000e0000000,0x00000000e7580000,0x00000000e7580000)
  from space 15872K, 74% used [0x00000000e8700000,0x00000000e92992f0,0x00000000e9680000)
  to   space 17920K, 0% used [0x00000000e7580000,0x00000000e7580000,0x00000000e8700000)
 ParOldGen       total 96256K, used 39051K [0x00000000a0000000, 0x00000000a5e00000, 0x00000000e0000000)
  object space 96256K, 40% used [0x00000000a0000000,0x00000000a2622ed0,0x00000000a5e00000)
 Metaspace       used 69653K, capacity 71764K, committed 71936K, reserved 1112064K
  class space    used 9038K, capacity 9620K, committed 9728K, reserved 1048576K
Event: 45.245 GC heap after
Heap after GC invocations=18 (full 3):
 PSYoungGen      total 138240K, used 9581K [0x00000000e0000000, 0x00000000ea000000, 0x0000000100000000)
  eden space 120320K, 0% used [0x00000000e0000000,0x00000000e0000000,0x00000000e7580000)
  from space 17920K, 53% used [0x00000000e7580000,0x00000000e7edb6d8,0x00000000e8700000)
  to   space 15872K, 0% used [0x00000000e8700000,0x00000000e8700000,0x00000000e9680000)
 ParOldGen       total 96256K, used 39059K [0x00000000a0000000, 0x00000000a5e00000, 0x00000000e0000000)
  object space 96256K, 40% used [0x00000000a0000000,0x00000000a2624ed0,0x00000000a5e00000)
 Metaspace       used 69653K, capacity 71764K, committed 71936K, reserved 1112064K
  class space    used 9038K, capacity 9620K, committed 9728K, reserved 1048576K
}

