# JRE version: OpenJDK Runtime Environment (8.0_152-b01) (build 1.8.0_152-release-1248-b01)
# Java VM: OpenJDK 64-Bit Server VM (25.152-b01 mixed mode windows-amd64 compressed oops)
Heap:
 PSYoungGen      total 155136K, used 104536K [0x00000000e0000000, 0x00000000eb400000, 0x0000000100000000)
  eden space 139776K, 74% used [0x00000000e0000000,0x00000000e6616078,0x00000000e8880000)
  from space 15360K, 0% used [0x00000000e8880000,0x00000000e8880000,0x00000000e9780000)
  to   space 14336K, 0% used [0x00000000e9780000,0x00000000e9780000,0x00000000ea580000)
 ParOldGen       total 94720K, used 35505K [0x00000000a0000000, 0x00000000a5c80000, 0x00000000e0000000)
  object space 94720K, 37% used [0x00000000a0000000,0x00000000a22ac5c0,0x00000000a5c80000)
 Metaspace       used 60179K, capacity 62058K, committed 62232K, reserved 1103872K
  class space    used 8219K, capacity 8739K, committed 8752K, reserved 1048576K
GC Heap History (10 events):
Event: 9.816 GC heap before
{Heap before GC invocations=12 (full 2):
 PSYoungGen      total 102400K, used 90624K [0x00000000e0000000, 0x00000000e9580000, 0x0000000100000000)
  eden space 90624K, 100% used [0x00000000e0000000,0x00000000e5880000,0x00000000e5880000)
  from space 11776K, 0% used [0x00000000e5880000,0x00000000e5880000,0x00000000e6400000)
  to   space 12288K, 0% used [0x00000000e8980000,0x00000000e8980000,0x00000000e9580000)
 ParOldGen       total 94720K, used 17906K [0x00000000a0000000, 0x00000000a5c80000, 0x00000000e0000000)
  object space 94720K, 18% used [0x00000000a0000000,0x00000000a117ca98,0x00000000a5c80000)
 Metaspace       used 43073K, capacity 44188K, committed 44464K, reserved 1087488K
  class space    used 5837K, capacity 6216K, committed 6320K, reserved 1048576K
Event: 9.835 GC heap after
Heap after GC invocations=12 (full 2):
 PSYoungGen      total 125952K, used 12265K [0x00000000e0000000, 0x00000000e9580000, 0x0000000100000000)
  eden space 113664K, 0% used [0x00000000e0000000,0x00000000e0000000,0x00000000e6f00000)
  from space 12288K, 99% used [0x00000000e8980000,0x00000000e957a5a0,0x00000000e9580000)
  to   space 14336K, 0% used [0x00000000e7980000,0x00000000e7980000,0x00000000e8780000)
 ParOldGen       total 94720K, used 19430K [0x00000000a0000000, 0x00000000a5c80000, 0x00000000e0000000)
  object space 94720K, 20% used [0x00000000a0000000,0x00000000a12f99d8,0x00000000a5c80000)
 Metaspace       used 43073K, capacity 44188K, committed 44464K, reserved 1087488K
  class space    used 5837K, capacity 6216K, committed 6320K, reserved 1048576K
}
Event: 11.605 GC heap before
{Heap before GC invocations=13 (full 2):
 PSYoungGen      total 125952K, used 125929K [0x00000000e0000000, 0x00000000e9580000, 0x0000000100000000)
  eden space 113664K, 100% used [0x00000000e0000000,0x00000000e6f00000,0x00000000e6f00000)
  from space 12288K, 99% used [0x00000000e8980000,0x00000000e957a5a0,0x00000000e9580000)
  to   space 14336K, 0% used [0x00000000e7980000,0x00000000e7980000,0x00000000e8780000)
 ParOldGen       total 94720K, used 19430K [0x00000000a0000000, 0x00000000a5c80000, 0x00000000e0000000)
  object space 94720K, 20% used [0x00000000a0000000,0x00000000a12f99d8,0x00000000a5c80000)
 Metaspace       used 50009K, capacity 51202K, committed 51376K, reserved 1093632K
  class space    used 6694K, capacity 7061K, committed 7088K, reserved 1048576K
Event: 11.625 GC heap after
Heap after GC invocations=13 (full 2):
 PSYoungGen      total 138752K, used 9368K [0x00000000e0000000, 0x00000000ea580000, 0x0000000100000000)
  eden space 124416K, 0% used [0x00000000e0000000,0x00000000e0000000,0x00000000e7980000)
  from space 14336K, 65% used [0x00000000e7980000,0x00000000e82a61e0,0x00000000e8780000)
  to   space 14336K, 0% used [0x00000000e9780000,0x00000000e9780000,0x00000000ea580000)
 ParOldGen       total 94720K, used 26988K [0x00000000a0000000, 0x00000000a5c80000, 0x00000000e0000000)
  object space 94720K, 28% used [0x00000000a0000000,0x00000000a1a5b3b0,0x00000000a5c80000)
 Metaspace       used 50009K, capacity 51202K, committed 51376K, reserved 1093632K
  class space    used 6694K, capacity 7061K, committed 7088K, reserved 1048576K
}
Event: 12.742 GC heap before
{Heap before GC invocations=14 (full 2):
 PSYoungGen      total 138752K, used 133784K [0x00000000e0000000, 0x00000000ea580000, 0x0000000100000000)
  eden space 124416K, 100% used [0x00000000e0000000,0x00000000e7980000,0x00000000e7980000)
  from space 14336K, 65% used [0x00000000e7980000,0x00000000e82a61e0,0x00000000e8780000)
  to   space 14336K, 0% used [0x00000000e9780000,0x00000000e9780000,0x00000000ea580000)
 ParOldGen       total 94720K, used 26988K [0x00000000a0000000, 0x00000000a5c80000, 0x00000000e0000000)
  object space 94720K, 28% used [0x00000000a0000000,0x00000000a1a5b3b0,0x00000000a5c80000)
 Metaspace       used 53328K, capacity 54826K, committed 55088K, reserved 1097728K
  class space    used 7154K, capacity 7603K, committed 7728K, reserved 1048576K
Event: 12.757 GC heap after
Heap after GC invocations=14 (full 2):
 PSYoungGen      total 154112K, used 12364K [0x00000000e0000000, 0x00000000eb400000, 0x0000000100000000)
  eden space 139776K, 0% used [0x00000000e0000000,0x00000000e0000000,0x00000000e8880000)
  from space 14336K, 86% used [0x00000000e9780000,0x00000000ea393178,0x00000000ea580000)
  to   space 15360K, 0% used [0x00000000e8880000,0x00000000e8880000,0x00000000e9780000)
 ParOldGen       total 94720K, used 27060K [0x00000000a0000000, 0x00000000a5c80000, 0x00000000e0000000)
  object space 94720K, 28% used [0x00000000a0000000,0x00000000a1a6d3c0,0x00000000a5c80000)
 Metaspace       used 53328K, capacity 54826K, committed 55088K, reserved 1097728K
  class space    used 7154K, capacity 7603K, committed 7728K, reserved 1048576K
}
Event: 13.719 GC heap before
{Heap before GC invocations=15 (full 2):
 PSYoungGen      total 154112K, used 82110K [0x00000000e0000000, 0x00000000eb400000, 0x0000000100000000)
  eden space 139776K, 49% used [0x00000000e0000000,0x00000000e441c798,0x00000000e8880000)
  from space 14336K, 86% used [0x00000000e9780000,0x00000000ea393178,0x00000000ea580000)
  to   space 15360K, 0% used [0x00000000e8880000,0x00000000e8880000,0x00000000e9780000)
 ParOldGen       total 94720K, used 27060K [0x00000000a0000000, 0x00000000a5c80000, 0x00000000e0000000)
  object space 94720K, 28% used [0x00000000a0000000,0x00000000a1a6d3c0,0x00000000a5c80000)
 Metaspace       used 57527K, capacity 59136K, committed 59160K, reserved 1099776K
  class space    used 7784K, capacity 8237K, committed 8240K, reserved 1048576K
Event: 13.745 GC heap after
Heap after GC invocations=15 (full 2):
 PSYoungGen      total 155136K, used 12682K [0x00000000e0000000, 0x00000000eb400000, 0x0000000100000000)
  eden space 139776K, 0% used [0x00000000e0000000,0x00000000e0000000,0x00000000e8880000)
  from space 15360K, 82% used [0x00000000e8880000,0x00000000e94e2b30,0x00000000e9780000)
  to   space 14336K, 0% used [0x00000000e9780000,0x00000000e9780000,0x00000000ea580000)
 ParOldGen       total 94720K, used 27068K [0x00000000a0000000, 0x00000000a5c80000, 0x00000000e0000000)
  object space 94720K, 28% used [0x00000000a0000000,0x00000000a1a6f3c0,0x00000000a5c80000)
 Metaspace       used 57527K, capacity 59136K, committed 59160K, reserved 1099776K
  class space    used 7784K, capacity 8237K, committed 8240K, reserved 1048576K
}
Event: 13.745 GC heap before
{Heap before GC invocations=16 (full 3):
 PSYoungGen      total 155136K, used 12682K [0x00000000e0000000, 0x00000000eb400000, 0x0000000100000000)
  eden space 139776K, 0% used [0x00000000e0000000,0x00000000e0000000,0x00000000e8880000)
  from space 15360K, 82% used [0x00000000e8880000,0x00000000e94e2b30,0x00000000e9780000)
  to   space 14336K, 0% used [0x00000000e9780000,0x00000000e9780000,0x00000000ea580000)
 ParOldGen       total 94720K, used 27068K [0x00000000a0000000, 0x00000000a5c80000, 0x00000000e0000000)
  object space 94720K, 28% used [0x00000000a0000000,0x00000000a1a6f3c0,0x00000000a5c80000)
 Metaspace       used 57527K, capacity 59136K, committed 59160K, reserved 1099776K
  class space    used 7784K, capacity 8237K, committed 8240K, reserved 1048576K
Event: 14.046 GC heap after
Heap after GC invocations=16 (full 3):
 PSYoungGen      total 155136K, used 0K [0x00000000e0000000, 0x00000000eb400000, 0x0000000100000000)
  eden space 139776K, 0% used [0x00000000e0000000,0x00000000e0000000,0x00000000e8880000)
  from space 15360K, 0% used [0x00000000e8880000,0x00000000e8880000,0x00000000e9780000)
  to   space 14336K, 0% used [0x00000000e9780000,0x00000000e9780000,0x00000000ea580000)
 ParOldGen       total 94720K, used 35505K [0x00000000a0000000, 0x00000000a5c80000, 0x00000000e0000000)
  object space 94720K, 37% used [0x00000000a0000000,0x00000000a22ac5c0,0x00000000a5c80000)
 Metaspace       used 57527K, capacity 59136K, committed 59160K, reserved 1099776K
  class space    used 7784K, capacity 8237K, committed 8240K, reserved 1048576K
}

